2026-02-11	00:50:25	0fcaffa1-994c-43d1-bbec-c872c8ba55c4	GET	/	undefined
2026-02-11	00:50:25	a82c6496-c001-4cab-a239-559b8a3cba0a	GET	/css/style.css	undefined
2026-02-11	01:01:44	5de5fca0-454d-4e23-a48e-4fc905c47f42	GET	/	undefined
2026-02-11	01:01:44	35495c30-4f35-4e59-965b-613ff37a9a66	GET	/css/style.css	undefined
2026-02-11	01:18:48	f64897f2-9e1e-428f-9935-5ada21b00e87	GET	/css/style.css	undefined
2026-02-11	01:18:48	72cf89db-afb9-4ae2-8a51-c09ea4f982c4	GET	/.well-known/appspecific/com.chrome.devtools.json	undefined
2026-02-11	01:19:28	431773fa-246e-4c75-b82d-cd8252a8fe1b	GET	/	undefined
2026-02-11	01:19:53	0039fb1c-cb85-41ab-9da2-7cc025439bbd	GET	/	undefined
2026-02-11	01:19:53	a4874ad0-dcce-4dd9-91bb-2f481276d227	GET	/css/style.css	undefined
2026-02-11	01:19:53	625dd989-e45d-4def-9b4c-2fac58e6cffa	GET	/.well-known/appspecific/com.chrome.devtools.json	undefined
2026-02-11	01:24:23	d79fecc6-fa43-49a6-8fc7-f572b2ca5fdb	GET	/	undefined
2026-02-11	01:24:28	92030f8a-a087-4a28-8396-a16b7915b0b8	GET	/	undefined
2026-02-11	01:24:28	88e4f499-aefc-4c06-8166-51c06fb9783b	GET	/.well-known/appspecific/com.chrome.devtools.json	undefined
2026-02-11	01:24:28	6f48eb2d-2af8-4245-8142-5902a9378d5f	GET	/css/style.css	undefined
2026-02-11	01:24:40	fd241445-8fff-4636-9d9c-cd9dd0a404db	GET	/	undefined
2026-02-11	01:27:53	99a6bc9e-cad8-4441-91d1-91fc5ada4787	GET	/	https://www.google.com
2026-02-11	01:27:59	7d1267d3-c6d2-4619-b6df-ccc4ec30a902	GET	/	https://www.google.com
2026-02-11	01:30:09	9f27b930-3ca8-42e7-a12d-74139a604b0d	GET	/	undefined
2026-02-11	01:31:05	dedcec14-5e39-4fe6-a431-71e53d8260cf	GET	/	undefined
2026-02-11	01:31:05	0959e34a-2dfb-4b72-b841-1a51158a73a2	GET	/css/style.css	undefined
2026-02-11	01:31:15	b9f920f7-a3f0-478d-bad5-e1b427c059ce	GET	/css/style.css	undefined
2026-02-11	01:31:15	9b106830-a144-497e-9623-e21d83c6d595	GET	/.well-known/appspecific/com.chrome.devtools.json	undefined
2026-02-11	01:31:17	31e9489b-6a70-4ad7-9bf8-aaccc5deeab7	GET	/	undefined
2026-02-11	01:31:47	e19f3e8a-02fd-4f93-9913-4fb72ad57d63	GET	/	undefined
2026-02-11	01:31:47	00a381ee-8862-4123-91a6-4818a6442d72	GET	/css/style.css	undefined
2026-02-11	01:31:48	568e0ba3-7794-420c-803b-fe258996d25a	GET	/.well-known/appspecific/com.chrome.devtools.json	undefined
2026-02-11	01:31:51	cc1029d5-c085-484f-b571-8f7b8e4d891b	GET	/	undefined
2026-02-11	01:32:06	94de5690-5c12-4c41-b356-e703ff2f02c1	GET	/	undefined
